[2017-08-28 13:40:13] main.CRITICAL: Exception: LOG EXCEPTION CRITICAL: learn index index  in /var/www/magento2/learning/app/code/Tasks/Learning/Controller/Index/Index.php:65
Stack trace:
#0 /var/www/magento2/learning/var/generation/Tasks/Learning/Controller/Index/Index/Interceptor.php(24): Tasks\Learning\Controller\Index\Index->execute()
#1 /var/www/magento2/learning/vendor/magento/framework/App/Action/Action.php(102): Tasks\Learning\Controller\Index\Index\Interceptor->execute()
#2 /var/www/magento2/learning/vendor/magento/framework/Interception/Interceptor.php(74): Magento\Framework\App\Action\Action->dispatch(Object(Magento\Framework\App\Request\Http))
#3 /var/www/magento2/learning/vendor/magento/framework/Interception/Chain/Chain.php(70): Tasks\Learning\Controller\Index\Index\Interceptor->___callParent('dispatch', Array)
#4 /var/www/magento2/learning/vendor/magento/framework/Interception/Chain/Chain.php(63): Magento\Framework\Interception\Chain\Chain->invokeNext('Tasks\\Learning\\...', 'dispatch', Object(Tasks\Learning\Controller\Index\Index\Interceptor), Array, 'contextPlugin')
#5 /var/www/magento2/learning/vendor/magento/module-store/App/Action/Plugin/Context.php(106): Magento\Framework\Interception\Chain\Chain->Magento\Framework\Interception\Chain\{closure}(Object(Magento\Framework\App\Request\Http))
#6 /var/www/magento2/learning/vendor/magento/framework/Interception/Chain/Chain.php(67): Magento\Store\App\Action\Plugin\Context->aroundDispatch(Object(Tasks\Learning\Controller\Index\Index\Interceptor), Object(Closure), Object(Magento\Framework\App\Request\Http))
#7 /var/www/magento2/learning/vendor/magento/framework/Interception/Chain/Chain.php(63): Magento\Framework\Interception\Chain\Chain->invokeNext('Tasks\\Learning\\...', 'dispatch', Object(Tasks\Learning\Controller\Index\Index\Interceptor), Array, 'customer-app-ac...')
#8 /var/www/magento2/learning/vendor/magento/module-customer/Model/App/Action/ContextPlugin.php(61): Magento\Framework\Interception\Chain\Chain->Magento\Framework\Interception\Chain\{closure}(Object(Magento\Framework\App\Request\Http))
#9 /var/www/magento2/learning/vendor/magento/framework/Interception/Chain/Chain.php(67): Magento\Customer\Model\App\Action\ContextPlugin->aroundDispatch(Object(Tasks\Learning\Controller\Index\Index\Interceptor), Object(Closure), Object(Magento\Framework\App\Request\Http))
#10 /var/www/magento2/learning/vendor/magento/framework/Interception/Chain/Chain.php(63): Magento\Framework\Interception\Chain\Chain->invokeNext('Tasks\\Learning\\...', 'dispatch', Object(Tasks\Learning\Controller\Index\Index\Interceptor), Array, 'storeCheck')
#11 /var/www/magento2/learning/vendor/magento/module-store/App/Action/Plugin/StoreCheck.php(44): Magento\Framework\Interception\Chain\Chain->Magento\Framework\Interception\Chain\{closure}(Object(Magento\Framework\App\Request\Http))
#12 /var/www/magento2/learning/vendor/magento/framework/Interception/Chain/Chain.php(67): Magento\Store\App\Action\Plugin\StoreCheck->aroundDispatch(Object(Tasks\Learning\Controller\Index\Index\Interceptor), Object(Closure), Object(Magento\Framework\App\Request\Http))
#13 /var/www/magento2/learning/vendor/magento/framework/Interception/Chain/Chain.php(63): Magento\Framework\Interception\Chain\Chain->invokeNext('Tasks\\Learning\\...', 'dispatch', Object(Tasks\Learning\Controller\Index\Index\Interceptor), Array, 'weee-app-action...')
#14 /var/www/magento2/learning/vendor/magento/module-weee/Model/App/Action/ContextPlugin.php(112): Magento\Framework\Interception\Chain\Chain->Magento\Framework\Interception\Chain\{closure}(Object(Magento\Framework\App\Request\Http))
#15 /var/www/magento2/learning/vendor/magento/framework/Interception/Chain/Chain.php(67): Magento\Weee\Model\App\Action\ContextPlugin->aroundDispatch(Object(Tasks\Learning\Controller\Index\Index\Interceptor), Object(Closure), Object(Magento\Framework\App\Request\Http))
#16 /var/www/magento2/learning/vendor/magento/framework/Interception/Interceptor.php(138): Magento\Framework\Interception\Chain\Chain->invokeNext('Tasks\\Learning\\...', 'dispatch', Object(Tasks\Learning\Controller\Index\Index\Interceptor), Array, 'tax-app-action-...')
#17 /var/www/magento2/learning/vendor/magento/module-tax/Model/App/Action/ContextPlugin.php(91): Tasks\Learning\Controller\Index\Index\Interceptor->Magento\Framework\Interception\{closure}(Object(Magento\Framework\App\Request\Http))
#18 /var/www/magento2/learning/vendor/magento/framework/Interception/Interceptor.php(142): Magento\Tax\Model\App\Action\ContextPlugin->aroundDispatch(Object(Tasks\Learning\Controller\Index\Index\Interceptor), Object(Closure), Object(Magento\Framework\App\Request\Http))
#19 /var/www/magento2/learning/var/generation/Tasks/Learning/Controller/Index/Index/Interceptor.php(39): Tasks\Learning\Controller\Index\Index\Interceptor->___callPlugins('dispatch', Array, Array)
#20 /var/www/magento2/learning/vendor/magento/framework/App/FrontController.php(55): Tasks\Learning\Controller\Index\Index\Interceptor->dispatch(Object(Magento\Framework\App\Request\Http))
#21 /var/www/magento2/learning/vendor/magento/framework/Interception/Interceptor.php(74): Magento\Framework\App\FrontController->dispatch(Object(Magento\Framework\App\Request\Http))
#22 /var/www/magento2/learning/vendor/magento/framework/Interception/Chain/Chain.php(70): Magento\Framework\App\FrontController\Interceptor->___callParent('dispatch', Array)
#23 /var/www/magento2/learning/vendor/magento/framework/Interception/Chain/Chain.php(63): Magento\Framework\Interception\Chain\Chain->invokeNext('Magento\\Framewo...', 'dispatch', Object(Magento\Framework\App\FrontController\Interceptor), Array, 'requestPreproce...')
#24 /var/www/magento2/learning/vendor/magento/module-store/App/FrontController/Plugin/RequestPreprocessor.php(94): Magento\Framework\Interception\Chain\Chain->Magento\Framework\Interception\Chain\{closure}(Object(Magento\Framework\App\Request\Http))
#25 /var/www/magento2/learning/vendor/magento/framework/Interception/Chain/Chain.php(67): Magento\Store\App\FrontController\Plugin\RequestPreprocessor->aroundDispatch(Object(Magento\Framework\App\FrontController\Interceptor), Object(Closure), Object(Magento\Framework\App\Request\Http))
#26 /var/www/magento2/learning/vendor/magento/framework/Interception/Chain/Chain.php(63): Magento\Framework\Interception\Chain\Chain->invokeNext('Magento\\Framewo...', 'dispatch', Object(Magento\Framework\App\FrontController\Interceptor), Array, 'install')
#27 /var/www/magento2/learning/vendor/magento/framework/Module/Plugin/DbStatusValidator.php(69): Magento\Framework\Interception\Chain\Chain->Magento\Framework\Interception\Chain\{closure}(Object(Magento\Framework\App\Request\Http))
#28 /var/www/magento2/learning/vendor/magento/framework/Interception/Chain/Chain.php(67): Magento\Framework\Module\Plugin\DbStatusValidator->aroundDispatch(Object(Magento\Framework\App\FrontController\Interceptor), Object(Closure), Object(Magento\Framework\App\Request\Http))
#29 /var/www/magento2/learning/vendor/magento/framework/Interception/Chain/Chain.php(63): Magento\Framework\Interception\Chain\Chain->invokeNext('Magento\\Framewo...', 'dispatch', Object(Magento\Framework\App\FrontController\Interceptor), Array, 'front-controlle...')
#30 /var/www/magento2/learning/vendor/magento/module-page-cache/Model/App/FrontController/VarnishPlugin.php(55): Magento\Framework\Interception\Chain\Chain->Magento\Framework\Interception\Chain\{closure}(Object(Magento\Framework\App\Request\Http))
#31 /var/www/magento2/learning/vendor/magento/framework/Interception/Chain/Chain.php(67): Magento\PageCache\Model\App\FrontController\VarnishPlugin->aroundDispatch(Object(Magento\Framework\App\FrontController\Interceptor), Object(Closure), Object(Magento\Framework\App\Request\Http))
#32 /var/www/magento2/learning/vendor/magento/framework/Interception/Interceptor.php(138): Magento\Framework\Interception\Chain\Chain->invokeNext('Magento\\Framewo...', 'dispatch', Object(Magento\Framework\App\FrontController\Interceptor), Array, 'front-controlle...')
#33 /var/www/magento2/learning/vendor/magento/module-page-cache/Model/App/FrontController/BuiltinPlugin.php(68): Magento\Framework\App\FrontController\Interceptor->Magento\Framework\Interception\{closure}(Object(Magento\Framework\App\Request\Http))
#34 /var/www/magento2/learning/vendor/magento/framework/Interception/Interceptor.php(142): Magento\PageCache\Model\App\FrontController\BuiltinPlugin->aroundDispatch(Object(Magento\Framework\App\FrontController\Interceptor), Object(Closure), Object(Magento\Framework\App\Request\Http))
#35 /var/www/magento2/learning/var/generation/Magento/Framework/App/FrontController/Interceptor.php(26): Magento\Framework\App\FrontController\Interceptor->___callPlugins('dispatch', Array, Array)
#36 /var/www/magento2/learning/vendor/magento/framework/App/Http.php(135): Magento\Framework\App\FrontController\Interceptor->dispatch(Object(Magento\Framework\App\Request\Http))
#37 /var/www/magento2/learning/vendor/magento/framework/App/Bootstrap.php(258): Magento\Framework\App\Http->launch()
#38 /var/www/magento2/learning/pub/index.php(37): Magento\Framework\App\Bootstrap->run(Object(Magento\Framework\App\Http))
#39 {main} [] []
[2017-08-28 13:43:54] main.CRITICAL: Exception: LOG EXCEPTION CRITICAL: learn index index  in /var/www/magento2/learning/app/code/Tasks/Learning/Controller/Index/Index.php:65
Stack trace:
#0 /var/www/magento2/learning/var/generation/Tasks/Learning/Controller/Index/Index/Interceptor.php(24): Tasks\Learning\Controller\Index\Index->execute()
#1 /var/www/magento2/learning/vendor/magento/framework/App/Action/Action.php(102): Tasks\Learning\Controller\Index\Index\Interceptor->execute()
#2 /var/www/magento2/learning/vendor/magento/framework/Interception/Interceptor.php(74): Magento\Framework\App\Action\Action->dispatch(Object(Magento\Framework\App\Request\Http))
#3 /var/www/magento2/learning/vendor/magento/framework/Interception/Chain/Chain.php(70): Tasks\Learning\Controller\Index\Index\Interceptor->___callParent('dispatch', Array)
#4 /var/www/magento2/learning/vendor/magento/framework/Interception/Chain/Chain.php(63): Magento\Framework\Interception\Chain\Chain->invokeNext('Tasks\\Learning\\...', 'dispatch', Object(Tasks\Learning\Controller\Index\Index\Interceptor), Array, 'contextPlugin')
#5 /var/www/magento2/learning/vendor/magento/module-store/App/Action/Plugin/Context.php(106): Magento\Framework\Interception\Chain\Chain->Magento\Framework\Interception\Chain\{closure}(Object(Magento\Framework\App\Request\Http))
#6 /var/www/magento2/learning/vendor/magento/framework/Interception/Chain/Chain.php(67): Magento\Store\App\Action\Plugin\Context->aroundDispatch(Object(Tasks\Learning\Controller\Index\Index\Interceptor), Object(Closure), Object(Magento\Framework\App\Request\Http))
#7 /var/www/magento2/learning/vendor/magento/framework/Interception/Chain/Chain.php(63): Magento\Framework\Interception\Chain\Chain->invokeNext('Tasks\\Learning\\...', 'dispatch', Object(Tasks\Learning\Controller\Index\Index\Interceptor), Array, 'customer-app-ac...')
#8 /var/www/magento2/learning/vendor/magento/module-customer/Model/App/Action/ContextPlugin.php(61): Magento\Framework\Interception\Chain\Chain->Magento\Framework\Interception\Chain\{closure}(Object(Magento\Framework\App\Request\Http))
#9 /var/www/magento2/learning/vendor/magento/framework/Interception/Chain/Chain.php(67): Magento\Customer\Model\App\Action\ContextPlugin->aroundDispatch(Object(Tasks\Learning\Controller\Index\Index\Interceptor), Object(Closure), Object(Magento\Framework\App\Request\Http))
#10 /var/www/magento2/learning/vendor/magento/framework/Interception/Chain/Chain.php(63): Magento\Framework\Interception\Chain\Chain->invokeNext('Tasks\\Learning\\...', 'dispatch', Object(Tasks\Learning\Controller\Index\Index\Interceptor), Array, 'storeCheck')
#11 /var/www/magento2/learning/vendor/magento/module-store/App/Action/Plugin/StoreCheck.php(44): Magento\Framework\Interception\Chain\Chain->Magento\Framework\Interception\Chain\{closure}(Object(Magento\Framework\App\Request\Http))
#12 /var/www/magento2/learning/vendor/magento/framework/Interception/Chain/Chain.php(67): Magento\Store\App\Action\Plugin\StoreCheck->aroundDispatch(Object(Tasks\Learning\Controller\Index\Index\Interceptor), Object(Closure), Object(Magento\Framework\App\Request\Http))
#13 /var/www/magento2/learning/vendor/magento/framework/Interception/Chain/Chain.php(63): Magento\Framework\Interception\Chain\Chain->invokeNext('Tasks\\Learning\\...', 'dispatch', Object(Tasks\Learning\Controller\Index\Index\Interceptor), Array, 'weee-app-action...')
#14 /var/www/magento2/learning/vendor/magento/module-weee/Model/App/Action/ContextPlugin.php(112): Magento\Framework\Interception\Chain\Chain->Magento\Framework\Interception\Chain\{closure}(Object(Magento\Framework\App\Request\Http))
#15 /var/www/magento2/learning/vendor/magento/framework/Interception/Chain/Chain.php(67): Magento\Weee\Model\App\Action\ContextPlugin->aroundDispatch(Object(Tasks\Learning\Controller\Index\Index\Interceptor), Object(Closure), Object(Magento\Framework\App\Request\Http))
#16 /var/www/magento2/learning/vendor/magento/framework/Interception/Interceptor.php(138): Magento\Framework\Interception\Chain\Chain->invokeNext('Tasks\\Learning\\...', 'dispatch', Object(Tasks\Learning\Controller\Index\Index\Interceptor), Array, 'tax-app-action-...')
#17 /var/www/magento2/learning/vendor/magento/module-tax/Model/App/Action/ContextPlugin.php(91): Tasks\Learning\Controller\Index\Index\Interceptor->Magento\Framework\Interception\{closure}(Object(Magento\Framework\App\Request\Http))
#18 /var/www/magento2/learning/vendor/magento/framework/Interception/Interceptor.php(142): Magento\Tax\Model\App\Action\ContextPlugin->aroundDispatch(Object(Tasks\Learning\Controller\Index\Index\Interceptor), Object(Closure), Object(Magento\Framework\App\Request\Http))
#19 /var/www/magento2/learning/var/generation/Tasks/Learning/Controller/Index/Index/Interceptor.php(39): Tasks\Learning\Controller\Index\Index\Interceptor->___callPlugins('dispatch', Array, Array)
#20 /var/www/magento2/learning/vendor/magento/framework/App/FrontController.php(55): Tasks\Learning\Controller\Index\Index\Interceptor->dispatch(Object(Magento\Framework\App\Request\Http))
#21 /var/www/magento2/learning/vendor/magento/framework/Interception/Interceptor.php(74): Magento\Framework\App\FrontController->dispatch(Object(Magento\Framework\App\Request\Http))
#22 /var/www/magento2/learning/vendor/magento/framework/Interception/Chain/Chain.php(70): Magento\Framework\App\FrontController\Interceptor->___callParent('dispatch', Array)
#23 /var/www/magento2/learning/vendor/magento/framework/Interception/Chain/Chain.php(63): Magento\Framework\Interception\Chain\Chain->invokeNext('Magento\\Framewo...', 'dispatch', Object(Magento\Framework\App\FrontController\Interceptor), Array, 'requestPreproce...')
#24 /var/www/magento2/learning/vendor/magento/module-store/App/FrontController/Plugin/RequestPreprocessor.php(94): Magento\Framework\Interception\Chain\Chain->Magento\Framework\Interception\Chain\{closure}(Object(Magento\Framework\App\Request\Http))
#25 /var/www/magento2/learning/vendor/magento/framework/Interception/Chain/Chain.php(67): Magento\Store\App\FrontController\Plugin\RequestPreprocessor->aroundDispatch(Object(Magento\Framework\App\FrontController\Interceptor), Object(Closure), Object(Magento\Framework\App\Request\Http))
#26 /var/www/magento2/learning/vendor/magento/framework/Interception/Chain/Chain.php(63): Magento\Framework\Interception\Chain\Chain->invokeNext('Magento\\Framewo...', 'dispatch', Object(Magento\Framework\App\FrontController\Interceptor), Array, 'install')
#27 /var/www/magento2/learning/vendor/magento/framework/Module/Plugin/DbStatusValidator.php(69): Magento\Framework\Interception\Chain\Chain->Magento\Framework\Interception\Chain\{closure}(Object(Magento\Framework\App\Request\Http))
#28 /var/www/magento2/learning/vendor/magento/framework/Interception/Chain/Chain.php(67): Magento\Framework\Module\Plugin\DbStatusValidator->aroundDispatch(Object(Magento\Framework\App\FrontController\Interceptor), Object(Closure), Object(Magento\Framework\App\Request\Http))
#29 /var/www/magento2/learning/vendor/magento/framework/Interception/Chain/Chain.php(63): Magento\Framework\Interception\Chain\Chain->invokeNext('Magento\\Framewo...', 'dispatch', Object(Magento\Framework\App\FrontController\Interceptor), Array, 'front-controlle...')
#30 /var/www/magento2/learning/vendor/magento/module-page-cache/Model/App/FrontController/VarnishPlugin.php(55): Magento\Framework\Interception\Chain\Chain->Magento\Framework\Interception\Chain\{closure}(Object(Magento\Framework\App\Request\Http))
#31 /var/www/magento2/learning/vendor/magento/framework/Interception/Chain/Chain.php(67): Magento\PageCache\Model\App\FrontController\VarnishPlugin->aroundDispatch(Object(Magento\Framework\App\FrontController\Interceptor), Object(Closure), Object(Magento\Framework\App\Request\Http))
#32 /var/www/magento2/learning/vendor/magento/framework/Interception/Interceptor.php(138): Magento\Framework\Interception\Chain\Chain->invokeNext('Magento\\Framewo...', 'dispatch', Object(Magento\Framework\App\FrontController\Interceptor), Array, 'front-controlle...')
#33 /var/www/magento2/learning/vendor/magento/module-page-cache/Model/App/FrontController/BuiltinPlugin.php(68): Magento\Framework\App\FrontController\Interceptor->Magento\Framework\Interception\{closure}(Object(Magento\Framework\App\Request\Http))
#34 /var/www/magento2/learning/vendor/magento/framework/Interception/Interceptor.php(142): Magento\PageCache\Model\App\FrontController\BuiltinPlugin->aroundDispatch(Object(Magento\Framework\App\FrontController\Interceptor), Object(Closure), Object(Magento\Framework\App\Request\Http))
#35 /var/www/magento2/learning/var/generation/Magento/Framework/App/FrontController/Interceptor.php(26): Magento\Framework\App\FrontController\Interceptor->___callPlugins('dispatch', Array, Array)
#36 /var/www/magento2/learning/vendor/magento/framework/App/Http.php(135): Magento\Framework\App\FrontController\Interceptor->dispatch(Object(Magento\Framework\App\Request\Http))
#37 /var/www/magento2/learning/vendor/magento/framework/App/Bootstrap.php(258): Magento\Framework\App\Http->launch()
#38 /var/www/magento2/learning/pub/index.php(37): Magento\Framework\App\Bootstrap->run(Object(Magento\Framework\App\Http))
#39 {main} [] []
[2017-08-28 13:51:29] main.CRITICAL: Exception: LOG EXCEPTION CRITICAL: learn index index  in /var/www/magento2/learning/app/code/Tasks/Learning/Controller/Index/Index.php:65
Stack trace:
#0 /var/www/magento2/learning/var/generation/Tasks/Learning/Controller/Index/Index/Interceptor.php(24): Tasks\Learning\Controller\Index\Index->execute()
#1 /var/www/magento2/learning/vendor/magento/framework/App/Action/Action.php(102): Tasks\Learning\Controller\Index\Index\Interceptor->execute()
#2 /var/www/magento2/learning/vendor/magento/framework/Interception/Interceptor.php(74): Magento\Framework\App\Action\Action->dispatch(Object(Magento\Framework\App\Request\Http))
#3 /var/www/magento2/learning/vendor/magento/framework/Interception/Chain/Chain.php(70): Tasks\Learning\Controller\Index\Index\Interceptor->___callParent('dispatch', Array)
#4 /var/www/magento2/learning/vendor/magento/framework/Interception/Chain/Chain.php(63): Magento\Framework\Interception\Chain\Chain->invokeNext('Tasks\\Learning\\...', 'dispatch', Object(Tasks\Learning\Controller\Index\Index\Interceptor), Array, 'contextPlugin')
#5 /var/www/magento2/learning/vendor/magento/module-store/App/Action/Plugin/Context.php(106): Magento\Framework\Interception\Chain\Chain->Magento\Framework\Interception\Chain\{closure}(Object(Magento\Framework\App\Request\Http))
#6 /var/www/magento2/learning/vendor/magento/framework/Interception/Chain/Chain.php(67): Magento\Store\App\Action\Plugin\Context->aroundDispatch(Object(Tasks\Learning\Controller\Index\Index\Interceptor), Object(Closure), Object(Magento\Framework\App\Request\Http))
#7 /var/www/magento2/learning/vendor/magento/framework/Interception/Chain/Chain.php(63): Magento\Framework\Interception\Chain\Chain->invokeNext('Tasks\\Learning\\...', 'dispatch', Object(Tasks\Learning\Controller\Index\Index\Interceptor), Array, 'customer-app-ac...')
#8 /var/www/magento2/learning/vendor/magento/module-customer/Model/App/Action/ContextPlugin.php(61): Magento\Framework\Interception\Chain\Chain->Magento\Framework\Interception\Chain\{closure}(Object(Magento\Framework\App\Request\Http))
#9 /var/www/magento2/learning/vendor/magento/framework/Interception/Chain/Chain.php(67): Magento\Customer\Model\App\Action\ContextPlugin->aroundDispatch(Object(Tasks\Learning\Controller\Index\Index\Interceptor), Object(Closure), Object(Magento\Framework\App\Request\Http))
#10 /var/www/magento2/learning/vendor/magento/framework/Interception/Chain/Chain.php(63): Magento\Framework\Interception\Chain\Chain->invokeNext('Tasks\\Learning\\...', 'dispatch', Object(Tasks\Learning\Controller\Index\Index\Interceptor), Array, 'storeCheck')
#11 /var/www/magento2/learning/vendor/magento/module-store/App/Action/Plugin/StoreCheck.php(44): Magento\Framework\Interception\Chain\Chain->Magento\Framework\Interception\Chain\{closure}(Object(Magento\Framework\App\Request\Http))
#12 /var/www/magento2/learning/vendor/magento/framework/Interception/Chain/Chain.php(67): Magento\Store\App\Action\Plugin\StoreCheck->aroundDispatch(Object(Tasks\Learning\Controller\Index\Index\Interceptor), Object(Closure), Object(Magento\Framework\App\Request\Http))
#13 /var/www/magento2/learning/vendor/magento/framework/Interception/Chain/Chain.php(63): Magento\Framework\Interception\Chain\Chain->invokeNext('Tasks\\Learning\\...', 'dispatch', Object(Tasks\Learning\Controller\Index\Index\Interceptor), Array, 'weee-app-action...')
#14 /var/www/magento2/learning/vendor/magento/module-weee/Model/App/Action/ContextPlugin.php(112): Magento\Framework\Interception\Chain\Chain->Magento\Framework\Interception\Chain\{closure}(Object(Magento\Framework\App\Request\Http))
#15 /var/www/magento2/learning/vendor/magento/framework/Interception/Chain/Chain.php(67): Magento\Weee\Model\App\Action\ContextPlugin->aroundDispatch(Object(Tasks\Learning\Controller\Index\Index\Interceptor), Object(Closure), Object(Magento\Framework\App\Request\Http))
#16 /var/www/magento2/learning/vendor/magento/framework/Interception/Interceptor.php(138): Magento\Framework\Interception\Chain\Chain->invokeNext('Tasks\\Learning\\...', 'dispatch', Object(Tasks\Learning\Controller\Index\Index\Interceptor), Array, 'tax-app-action-...')
#17 /var/www/magento2/learning/vendor/magento/module-tax/Model/App/Action/ContextPlugin.php(91): Tasks\Learning\Controller\Index\Index\Interceptor->Magento\Framework\Interception\{closure}(Object(Magento\Framework\App\Request\Http))
#18 /var/www/magento2/learning/vendor/magento/framework/Interception/Interceptor.php(142): Magento\Tax\Model\App\Action\ContextPlugin->aroundDispatch(Object(Tasks\Learning\Controller\Index\Index\Interceptor), Object(Closure), Object(Magento\Framework\App\Request\Http))
#19 /var/www/magento2/learning/var/generation/Tasks/Learning/Controller/Index/Index/Interceptor.php(39): Tasks\Learning\Controller\Index\Index\Interceptor->___callPlugins('dispatch', Array, Array)
#20 /var/www/magento2/learning/vendor/magento/framework/App/FrontController.php(55): Tasks\Learning\Controller\Index\Index\Interceptor->dispatch(Object(Magento\Framework\App\Request\Http))
#21 /var/www/magento2/learning/vendor/magento/framework/Interception/Interceptor.php(74): Magento\Framework\App\FrontController->dispatch(Object(Magento\Framework\App\Request\Http))
#22 /var/www/magento2/learning/vendor/magento/framework/Interception/Chain/Chain.php(70): Magento\Framework\App\FrontController\Interceptor->___callParent('dispatch', Array)
#23 /var/www/magento2/learning/vendor/magento/framework/Interception/Chain/Chain.php(63): Magento\Framework\Interception\Chain\Chain->invokeNext('Magento\\Framewo...', 'dispatch', Object(Magento\Framework\App\FrontController\Interceptor), Array, 'requestPreproce...')
#24 /var/www/magento2/learning/vendor/magento/module-store/App/FrontController/Plugin/RequestPreprocessor.php(94): Magento\Framework\Interception\Chain\Chain->Magento\Framework\Interception\Chain\{closure}(Object(Magento\Framework\App\Request\Http))
#25 /var/www/magento2/learning/vendor/magento/framework/Interception/Chain/Chain.php(67): Magento\Store\App\FrontController\Plugin\RequestPreprocessor->aroundDispatch(Object(Magento\Framework\App\FrontController\Interceptor), Object(Closure), Object(Magento\Framework\App\Request\Http))
#26 /var/www/magento2/learning/vendor/magento/framework/Interception/Chain/Chain.php(63): Magento\Framework\Interception\Chain\Chain->invokeNext('Magento\\Framewo...', 'dispatch', Object(Magento\Framework\App\FrontController\Interceptor), Array, 'install')
#27 /var/www/magento2/learning/vendor/magento/framework/Module/Plugin/DbStatusValidator.php(69): Magento\Framework\Interception\Chain\Chain->Magento\Framework\Interception\Chain\{closure}(Object(Magento\Framework\App\Request\Http))
#28 /var/www/magento2/learning/vendor/magento/framework/Interception/Chain/Chain.php(67): Magento\Framework\Module\Plugin\DbStatusValidator->aroundDispatch(Object(Magento\Framework\App\FrontController\Interceptor), Object(Closure), Object(Magento\Framework\App\Request\Http))
#29 /var/www/magento2/learning/vendor/magento/framework/Interception/Chain/Chain.php(63): Magento\Framework\Interception\Chain\Chain->invokeNext('Magento\\Framewo...', 'dispatch', Object(Magento\Framework\App\FrontController\Interceptor), Array, 'front-controlle...')
#30 /var/www/magento2/learning/vendor/magento/module-page-cache/Model/App/FrontController/VarnishPlugin.php(55): Magento\Framework\Interception\Chain\Chain->Magento\Framework\Interception\Chain\{closure}(Object(Magento\Framework\App\Request\Http))
#31 /var/www/magento2/learning/vendor/magento/framework/Interception/Chain/Chain.php(67): Magento\PageCache\Model\App\FrontController\VarnishPlugin->aroundDispatch(Object(Magento\Framework\App\FrontController\Interceptor), Object(Closure), Object(Magento\Framework\App\Request\Http))
#32 /var/www/magento2/learning/vendor/magento/framework/Interception/Interceptor.php(138): Magento\Framework\Interception\Chain\Chain->invokeNext('Magento\\Framewo...', 'dispatch', Object(Magento\Framework\App\FrontController\Interceptor), Array, 'front-controlle...')
#33 /var/www/magento2/learning/vendor/magento/module-page-cache/Model/App/FrontController/BuiltinPlugin.php(68): Magento\Framework\App\FrontController\Interceptor->Magento\Framework\Interception\{closure}(Object(Magento\Framework\App\Request\Http))
#34 /var/www/magento2/learning/vendor/magento/framework/Interception/Interceptor.php(142): Magento\PageCache\Model\App\FrontController\BuiltinPlugin->aroundDispatch(Object(Magento\Framework\App\FrontController\Interceptor), Object(Closure), Object(Magento\Framework\App\Request\Http))
#35 /var/www/magento2/learning/var/generation/Magento/Framework/App/FrontController/Interceptor.php(26): Magento\Framework\App\FrontController\Interceptor->___callPlugins('dispatch', Array, Array)
#36 /var/www/magento2/learning/vendor/magento/framework/App/Http.php(135): Magento\Framework\App\FrontController\Interceptor->dispatch(Object(Magento\Framework\App\Request\Http))
#37 /var/www/magento2/learning/vendor/magento/framework/App/Bootstrap.php(258): Magento\Framework\App\Http->launch()
#38 /var/www/magento2/learning/pub/index.php(37): Magento\Framework\App\Bootstrap->run(Object(Magento\Framework\App\Http))
#39 {main} [] []
